<?xml version="1.0" encoding="UTF-8"?>
<testsuite xmlns:xsi="http://www.w3.org/2001/XMLSchema-instance" xsi:noNamespaceSchemaLocation="https://maven.apache.org/surefire/maven-surefire-plugin/xsd/surefire-test-report-3.0.xsd" version="3.0" name="CalculatorTest" time="0.04" tests="5" errors="0" skipped="0" failures="0">
  <properties>
    <property name="java.specification.version" value="13"/>
    <property name="sun.cpu.isalist" value="amd64"/>
    <property name="sun.jnu.encoding" value="Cp1252"/>
    <property name="java.class.path" value="C:\Users\Philipp_Arbeit\SWAR_2020\SWARSOSE20\SWAR_SS2020\qsMavenProjectAufgabe2\target\test-classes;C:\Users\Philipp_Arbeit\SWAR_2020\SWARSOSE20\SWAR_SS2020\qsMavenProjectAufgabe2\target\classes;C:\Users\Philipp_Arbeit\.m2\repository\junit\junit\4.11\junit-4.11.jar;C:\Users\Philipp_Arbeit\.m2\repository\org\hamcrest\hamcrest-core\1.3\hamcrest-core-1.3.jar;"/>
    <property name="java.vm.vendor" value="Oracle Corporation"/>
    <property name="sun.arch.data.model" value="64"/>
    <property name="user.variant" value=""/>
    <property name="java.vendor.url" value="https://java.oracle.com/"/>
    <property name="user.timezone" value="Europe/Berlin"/>
    <property name="os.name" value="Windows 10"/>
    <property name="java.vm.specification.version" value="13"/>
    <property name="sun.java.launcher" value="SUN_STANDARD"/>
    <property name="user.country" value="DE"/>
    <property name="sun.boot.library.path" value="C:\Program Files\Java\jdk-13.0.2\bin"/>
    <property name="sun.java.command" value="C:\Users\Philipp_Arbeit\AppData\Local\Temp\surefire12675317888154513713\surefirebooter2054584144749681015.jar C:\Users\Philipp_Arbeit\AppData\Local\Temp\surefire12675317888154513713 2020-12-09T00-39-43_135-jvmRun1 surefire11475137319421479721tmp surefire_016202823355939013172tmp"/>
    <property name="jdk.debug" value="release"/>
    <property name="surefire.test.class.path" value="C:\Users\Philipp_Arbeit\SWAR_2020\SWARSOSE20\SWAR_SS2020\qsMavenProjectAufgabe2\target\test-classes;C:\Users\Philipp_Arbeit\SWAR_2020\SWARSOSE20\SWAR_SS2020\qsMavenProjectAufgabe2\target\classes;C:\Users\Philipp_Arbeit\.m2\repository\junit\junit\4.11\junit-4.11.jar;C:\Users\Philipp_Arbeit\.m2\repository\org\hamcrest\hamcrest-core\1.3\hamcrest-core-1.3.jar;"/>
    <property name="sun.cpu.endian" value="little"/>
    <property name="user.home" value="C:\Users\Philipp_Arbeit"/>
    <property name="user.language" value="de"/>
    <property name="java.specification.vendor" value="Oracle Corporation"/>
    <property name="java.version.date" value="2020-01-14"/>
    <property name="java.home" value="C:\Program Files\Java\jdk-13.0.2"/>
    <property name="file.separator" value="\"/>
    <property name="basedir" value="C:\Users\Philipp_Arbeit\SWAR_2020\SWARSOSE20\SWAR_SS2020\qsMavenProjectAufgabe2"/>
    <property name="java.vm.compressedOopsMode" value="Zero based"/>
    <property name="line.separator" value="&#10;"/>
    <property name="java.vm.specification.vendor" value="Oracle Corporation"/>
    <property name="java.specification.name" value="Java Platform API Specification"/>
    <property name="idea.version2020.1.1" value="true"/>
    <property name="surefire.real.class.path" value="C:\Users\Philipp_Arbeit\AppData\Local\Temp\surefire12675317888154513713\surefirebooter2054584144749681015.jar"/>
    <property name="user.script" value=""/>
    <property name="sun.management.compiler" value="HotSpot 64-Bit Tiered Compilers"/>
    <property name="java.runtime.version" value="13.0.2+8"/>
    <property name="user.name" value="Philipp_Arbeit"/>
    <property name="path.separator" value=";"/>
    <property name="os.version" value="10.0"/>
    <property name="java.runtime.name" value="OpenJDK Runtime Environment"/>
    <property name="file.encoding" value="Cp1252"/>
    <property name="java.vm.name" value="OpenJDK 64-Bit Server VM"/>
    <property name="localRepository" value="C:\Users\Philipp_Arbeit\.m2\repository"/>
    <property name="java.vendor.url.bug" value="https://bugreport.java.com/bugreport/"/>
    <property name="java.io.tmpdir" value="C:\Users\PHILIP~1\AppData\Local\Temp\"/>
    <property name="java.version" value="13.0.2"/>
    <property name="user.dir" value="C:\Users\Philipp_Arbeit\SWAR_2020\SWARSOSE20\SWAR_SS2020\qsMavenProjectAufgabe2"/>
    <property name="os.arch" value="amd64"/>
    <property name="java.vm.specification.name" value="Java Virtual Machine Specification"/>
    <property name="sun.os.patch.level" value=""/>
    <property name="java.library.path" value="C:\Program Files\Java\jdk-13.0.2\bin;C:\WINDOWS\Sun\Java\bin;C:\WINDOWS\system32;C:\WINDOWS;C:\PHP7;C:\ProgramData\ComposerSetup\bin;C:\Program Files\nodejs\;C:\Program Files (x86)\NVIDIA Corporation\PhysX\Common;C:\WINDOWS\system32;C:\WINDOWS;C:\WINDOWS\System32\Wbem;C:\WINDOWS\System32\WindowsPowerShell\v1.0\;C:\WINDOWS\System32\OpenSSH\;C:\Program Files\NVIDIA Corporation\NVIDIA NvDLISR;C:\Program Files\Java\jdk-13.0.2\bin;C:\Program Files\Git\cmd;C:\Program Files\Docker\Docker\resources\bin;C:\ProgramData\DockerDesktop\version-bin;C:\Users\Philipp_Arbeit\AppData\Local\Microsoft\WindowsApps;;C:\Users\Philipp_Arbeit\AppData\Local\Programs\Microsoft VS Code\bin;."/>
    <property name="java.vm.info" value="mixed mode, sharing"/>
    <property name="java.vendor" value="Oracle Corporation"/>
    <property name="java.vm.version" value="13.0.2+8"/>
    <property name="sun.io.unicode.encoding" value="UnicodeLittle"/>
    <property name="java.class.version" value="57.0"/>
  </properties>
  <testcase name="divideThreeDividedBySix" classname="CalculatorTest" time="0.004"/>
  <testcase name="substractFiveMinusFive" classname="CalculatorTest" time="0"/>
  <testcase name="addFivePlusFive" classname="CalculatorTest" time="0"/>
  <testcase name="divideFiveDividedByFive" classname="CalculatorTest" time="0"/>
  <testcase name="multiplyFiveTimesFive" classname="CalculatorTest" time="0"/>
</testsuite>